<?xml version="1.0" encoding="UTF-8"?>
<testng-results ignored="0" total="1" passed="1" failed="0" skipped="0">
  <reporter-output>
  </reporter-output>
  <suite started-at="2022-03-16T01:28:38 IST" name="Download Payslips Projects" finished-at="2022-03-16T01:29:16 IST" duration-ms="38543">
    <groups>
    </groups>
    <test started-at="2022-03-16T01:28:38 IST" name="Download Paylips" finished-at="2022-03-16T01:29:16 IST" duration-ms="38543">
      <class name="PageTest.DownloadPaySlipPageTest">
        <test-method is-config="true" signature="setUp()[pri:0, instance:PageTest.DownloadPaySlipPageTest@4ee203eb]" started-at="2022-03-16T01:28:38 IST" name="setUp" finished-at="2022-03-16T01:28:46 IST" duration-ms="7782" status="PASS">
          <reporter-output>
          </reporter-output>
        </test-method> <!-- setUp -->
        <test-method signature="BookshlevesTest()[pri:0, instance:PageTest.DownloadPaySlipPageTest@4ee203eb]" started-at="2022-03-16T01:28:46 IST" name="BookshlevesTest" finished-at="2022-03-16T01:29:15 IST" duration-ms="29714" status="PASS">
          <reporter-output>
          </reporter-output>
        </test-method> <!-- BookshlevesTest -->
        <test-method is-config="true" signature="close()[pri:0, instance:PageTest.DownloadPaySlipPageTest@4ee203eb]" started-at="2022-03-16T01:29:15 IST" name="close" finished-at="2022-03-16T01:29:16 IST" duration-ms="975" status="PASS">
          <reporter-output>
          </reporter-output>
        </test-method> <!-- close -->
      </class> <!-- PageTest.DownloadPaySlipPageTest -->
    </test> <!-- Download Paylips -->
  </suite> <!-- Download Payslips Projects -->
</testng-results>
